# JRE version: Java(TM) SE Runtime Environment (8.0_20-b26) (build 1.8.0_20-b26)
# Java VM: Java HotSpot(TM) 64-Bit Server VM (25.20-b23 mixed mode windows-amd64 compressed oops)
Heap:
 PSYoungGen      total 1387520K, used 106464K [0x00000006eab00000, 0x000000079ec00000, 0x00000007c0000000)
  eden space 1281024K, 0% used [0x00000006eab00000,0x00000006eab00000,0x0000000738e00000)
  from space 106496K, 99% used [0x0000000738e00000,0x000000073f5f8010,0x000000073f600000)
  to   space 89088K, 0% used [0x000000073f600000,0x000000073f600000,0x0000000744d00000)
 ParOldGen       total 888832K, used 885224K [0x0000000540000000, 0x0000000576400000, 0x00000006eab00000)
  object space 888832K, 99% used [0x0000000540000000,0x000000057607a3a0,0x0000000576400000)
 Metaspace       used 11584K, capacity 11734K, committed 11776K, reserved 1060864K
  class space    used 1216K, capacity 1279K, committed 1280K, reserved 1048576K
GC Heap History (10 events):
Event: 228.699 GC heap after
Heap after GC invocations=4 (full 0):
 PSYoungGen      total 354816K, used 27104K [0x00000006eab00000, 0x0000000702000000, 0x00000007c0000000)
  eden space 327680K, 0% used [0x00000006eab00000,0x00000006eab00000,0x00000006feb00000)
  from space 27136K, 99% used [0x0000000700580000,0x0000000701ff8040,0x0000000702000000)
  to   space 27136K, 0% used [0x00000006feb00000,0x00000006feb00000,0x0000000700580000)
 ParOldGen       total 437248K, used 16016K [0x0000000540000000, 0x000000055ab00000, 0x00000006eab00000)
  object space 437248K, 3% used [0x0000000540000000,0x0000000540fa4000,0x000000055ab00000)
 Metaspace       used 11553K, capacity 11670K, committed 11776K, reserved 1060864K
  class space    used 1215K, capacity 1279K, committed 1280K, reserved 1048576K
}
Event: 229.361 GC heap before
{Heap before GC invocations=5 (full 0):
 PSYoungGen      total 354816K, used 354784K [0x00000006eab00000, 0x0000000702000000, 0x00000007c0000000)
  eden space 327680K, 100% used [0x00000006eab00000,0x00000006feb00000,0x00000006feb00000)
  from space 27136K, 99% used [0x0000000700580000,0x0000000701ff8040,0x0000000702000000)
  to   space 27136K, 0% used [0x00000006feb00000,0x00000006feb00000,0x0000000700580000)
 ParOldGen       total 437248K, used 16016K [0x0000000540000000, 0x000000055ab00000, 0x00000006eab00000)
  object space 437248K, 3% used [0x0000000540000000,0x0000000540fa4000,0x000000055ab00000)
 Metaspace       used 11553K, capacity 11670K, committed 11776K, reserved 1060864K
  class space    used 1215K, capacity 1279K, committed 1280K, reserved 1048576K
Event: 229.397 GC heap after
Heap after GC invocations=5 (full 0):
 PSYoungGen      total 354816K, used 27104K [0x00000006eab00000, 0x0000000719a00000, 0x00000007c0000000)
  eden space 327680K, 0% used [0x00000006eab00000,0x00000006eab00000,0x00000006feb00000)
  from space 27136K, 99% used [0x00000006feb00000,0x0000000700578040,0x0000000700580000)
  to   space 56832K, 0% used [0x0000000716280000,0x0000000716280000,0x0000000719a00000)
 ParOldGen       total 437248K, used 38640K [0x0000000540000000, 0x000000055ab00000, 0x00000006eab00000)
  object space 437248K, 8% used [0x0000000540000000,0x00000005425bc000,0x000000055ab00000)
 Metaspace       used 11553K, capacity 11670K, committed 11776K, reserved 1060864K
  class space    used 1215K, capacity 1279K, committed 1280K, reserved 1048576K
}
Event: 230.180 GC heap before
{Heap before GC invocations=6 (full 0):
 PSYoungGen      total 354816K, used 354784K [0x00000006eab00000, 0x0000000719a00000, 0x00000007c0000000)
  eden space 327680K, 100% used [0x00000006eab00000,0x00000006feb00000,0x00000006feb00000)
  from space 27136K, 99% used [0x00000006feb00000,0x0000000700578040,0x0000000700580000)
  to   space 56832K, 0% used [0x0000000716280000,0x0000000716280000,0x0000000719a00000)
 ParOldGen       total 437248K, used 38640K [0x0000000540000000, 0x000000055ab00000, 0x00000006eab00000)
  object space 437248K, 8% used [0x0000000540000000,0x00000005425bc000,0x000000055ab00000)
 Metaspace       used 11553K, capacity 11670K, committed 11776K, reserved 1060864K
  class space    used 1215K, capacity 1279K, committed 1280K, reserved 1048576K
Event: 230.215 GC heap after
Heap after GC invocations=6 (full 0):
 PSYoungGen      total 706048K, used 49968K [0x00000006eab00000, 0x000000071a600000, 0x00000007c0000000)
  eden space 649216K, 0% used [0x00000006eab00000,0x00000006eab00000,0x0000000712500000)
  from space 56832K, 87% used [0x0000000716280000,0x000000071934c050,0x0000000719a00000)
  to   space 62976K, 0% used [0x0000000712500000,0x0000000712500000,0x0000000716280000)
 ParOldGen       total 437248K, used 38640K [0x0000000540000000, 0x000000055ab00000, 0x00000006eab00000)
  object space 437248K, 8% used [0x0000000540000000,0x00000005425bc000,0x000000055ab00000)
 Metaspace       used 11553K, capacity 11670K, committed 11776K, reserved 1060864K
  class space    used 1215K, capacity 1279K, committed 1280K, reserved 1048576K
}
Event: 231.793 GC heap before
{Heap before GC invocations=7 (full 0):
 PSYoungGen      total 706048K, used 699184K [0x00000006eab00000, 0x000000071a600000, 0x00000007c0000000)
  eden space 649216K, 100% used [0x00000006eab00000,0x0000000712500000,0x0000000712500000)
  from space 56832K, 87% used [0x0000000716280000,0x000000071934c050,0x0000000719a00000)
  to   space 62976K, 0% used [0x0000000712500000,0x0000000712500000,0x0000000716280000)
 ParOldGen       total 437248K, used 38640K [0x0000000540000000, 0x000000055ab00000, 0x00000006eab00000)
  object space 437248K, 8% used [0x0000000540000000,0x00000005425bc000,0x000000055ab00000)
 Metaspace       used 11553K, capacity 11670K, committed 11776K, reserved 1060864K
  class space    used 1215K, capacity 1279K, committed 1280K, reserved 1048576K
Event: 231.856 GC heap after
Heap after GC invocations=7 (full 0):
 PSYoungGen      total 712192K, used 62944K [0x00000006eab00000, 0x0000000744d00000, 0x00000007c0000000)
  eden space 649216K, 0% used [0x00000006eab00000,0x00000006eab00000,0x0000000712500000)
  from space 62976K, 99% used [0x0000000712500000,0x0000000716278010,0x0000000716280000)
  to   space 89088K, 0% used [0x000000073f600000,0x000000073f600000,0x0000000744d00000)
 ParOldGen       total 437248K, used 70105K [0x0000000540000000, 0x000000055ab00000, 0x00000006eab00000)
  object space 437248K, 16% used [0x0000000540000000,0x0000000544476400,0x000000055ab00000)
 Metaspace       used 11553K, capacity 11670K, committed 11776K, reserved 1060864K
  class space    used 1215K, capacity 1279K, committed 1280K, reserved 1048576K
}
Event: 233.486 GC heap before
{Heap before GC invocations=8 (full 0):
 PSYoungGen      total 712192K, used 712160K [0x00000006eab00000, 0x0000000744d00000, 0x00000007c0000000)
  eden space 649216K, 100% used [0x00000006eab00000,0x0000000712500000,0x0000000712500000)
  from space 62976K, 99% used [0x0000000712500000,0x0000000716278010,0x0000000716280000)
  to   space 89088K, 0% used [0x000000073f600000,0x000000073f600000,0x0000000744d00000)
 ParOldGen       total 437248K, used 70105K [0x0000000540000000, 0x000000055ab00000, 0x00000006eab00000)
  object space 437248K, 16% used [0x0000000540000000,0x0000000544476400,0x000000055ab00000)
 Metaspace       used 11553K, capacity 11670K, committed 11776K, reserved 1060864K
  class space    used 1215K, capacity 1279K, committed 1280K, reserved 1048576K
Event: 233.548 GC heap after
Heap after GC invocations=8 (full 0):
 PSYoungGen      total 1370112K, used 89056K [0x00000006eab00000, 0x0000000746f00000, 0x00000007c0000000)
  eden space 1281024K, 0% used [0x00000006eab00000,0x00000006eab00000,0x0000000738e00000)
  from space 89088K, 99% used [0x000000073f600000,0x0000000744cf8010,0x0000000744d00000)
  to   space 106496K, 0% used [0x0000000738e00000,0x0000000738e00000,0x000000073f600000)
 ParOldGen       total 437248K, used 76817K [0x0000000540000000, 0x000000055ab00000, 0x00000006eab00000)
  object space 437248K, 17% used [0x0000000540000000,0x0000000544b04400,0x000000055ab00000)
 Metaspace       used 11553K, capacity 11670K, committed 11776K, reserved 1060864K
  class space    used 1215K, capacity 1279K, committed 1280K, reserved 1048576K
}
Event: 328.046 GC heap before
{Heap before GC invocations=9 (full 0):
 PSYoungGen      total 1370112K, used 1370080K [0x00000006eab00000, 0x0000000746f00000, 0x00000007c0000000)
  eden space 1281024K, 100% used [0x00000006eab00000,0x0000000738e00000,0x0000000738e00000)
  from space 89088K, 99% used [0x000000073f600000,0x0000000744cf8010,0x0000000744d00000)
  to   space 106496K, 0% used [0x0000000738e00000,0x0000000738e00000,0x000000073f600000)
 ParOldGen       total 437248K, used 76817K [0x0000000540000000, 0x000000055ab00000, 0x00000006eab00000)
  object space 437248K, 17% used [0x0000000540000000,0x0000000544b04400,0x000000055ab00000)
 Metaspace       used 11584K, capacity 11734K, committed 11776K, reserved 1060864K
  class space    used 1216K, capacity 1279K, committed 1280K, reserved 1048576K

